<?xml version="1.0" encoding="UTF-8"?>
<testng-results ignored="0" total="1" passed="1" failed="0" skipped="0">
  <reporter-output>
  </reporter-output>
  <suite started-at="2021-10-08T16:41:08 IST" name="Suite" finished-at="2021-10-08T16:42:29 IST" duration-ms="80515">
    <groups>
      <group name="cucumber">
        <method signature="AbstractTestNGCucumberTests.runScenario(io.cucumber.testng.PickleWrapper,io.cucumber.testng.FeatureWrapper)[pri:0, instance:Runner.LoginRunner@12aba8be]" name="runScenario" class="io.cucumber.testng.AbstractTestNGCucumberTests"/>
      </group> <!-- cucumber -->
    </groups>
    <test started-at="2021-10-08T16:41:08 IST" name="Test" finished-at="2021-10-08T16:42:29 IST" duration-ms="80515">
      <class name="Runner.LoginRunner">
        <test-method is-config="true" signature="setUpClass()[pri:0, instance:Runner.LoginRunner@12aba8be]" started-at="2021-10-08T16:41:08 IST" name="setUpClass" finished-at="2021-10-08T16:41:09 IST" duration-ms="670" status="PASS">
          <reporter-output>
          </reporter-output>
        </test-method> <!-- setUpClass -->
        <test-method signature="runScenario(io.cucumber.testng.PickleWrapper,io.cucumber.testng.FeatureWrapper)[pri:0, instance:Runner.LoginRunner@12aba8be]" started-at="2021-10-08T16:41:09 IST" name="runScenario" description="Runs Cucumber Scenarios" data-provider="scenarios" finished-at="2021-10-08T16:42:28 IST" duration-ms="79421" status="PASS">
          <params>
            <param index="0">
              <value>
                <![CDATA["To check whether items in offer page is added to cart and quantity is change"]]>
              </value>
            </param>
            <param index="1">
              <value>
                <![CDATA["Optional[BigBasket Offers]"]]>
              </value>
            </param>
          </params>
          <reporter-output>
          </reporter-output>
        </test-method> <!-- runScenario -->
        <test-method is-config="true" signature="tearDownClass()[pri:0, instance:Runner.LoginRunner@12aba8be]" started-at="2021-10-08T16:42:28 IST" name="tearDownClass" finished-at="2021-10-08T16:42:29 IST" duration-ms="369" status="PASS">
          <reporter-output>
          </reporter-output>
        </test-method> <!-- tearDownClass -->
      </class> <!-- Runner.LoginRunner -->
    </test> <!-- Test -->
  </suite> <!-- Suite -->
</testng-results>
